Arguments: 
  C:\Program Files\nodejs\node.exe C:\Program Files (x86)\Yarn\bin\yarn.js

PATH: 
  C:\Program Files (x86)\Common Files\Oracle\Java\javapath;C:\Python27\;C:\Python27\Scripts;C:\Python36\Scripts\;C:\Python36\;C:\WINDOWS\system32;C:\WINDOWS;C:\WINDOWS\System32\Wbem;C:\WINDOWS\System32\WindowsPowerShell\v1.0\;C:\ProgramData\chocolatey\bin;C:\Program Files (x86)\QuickTime\QTSystem\;C:\Program Files\PuTTY\;C:\Users\JohnArca\AppData\Local\Microsoft\WindowsApps;C:\Users\JohnArca\AppData\Roaming\npm;C:\Program Files\Microsoft VS Code\bin;C:\Program Files\MySQL\MySQL Server 5.7\bin;C:\WINDOWS\system32;C:\WINDOWS;C:\WINDOWS\System32\Wbem;C:\WINDOWS\System32\WindowsPowerShell\v1.0\;C:\WINDOWS\System32\OpenSSH\;C:\Program Files\Git\cmd;C:\Program Files\nodejs\;C:\Program Files\Java\jdk1.8.0_211\bin;C:\Program Files (x86)\Yarn\bin\;C:\Users\JohnArca\AppData\Local\Microsoft\WindowsApps;C:\Users\JohnArca\AppData\Local\Programs\Microsoft VS Code\bin;C:\Program Files\MySQL\MySQL Server 8.0\bin;C:\Users\JohnArca\AppData\Local\Android\Sdk\platforms;C:\Users\JohnArca\AppData\Local\Android\Sdk\platform-tools;C:\Users\JohnArca\AppData\Roaming\npm;C:\Program Files\Java\jdk1.8.0_211;C:\Users\JohnArca\AppData\Local\Yarn\bin;C:\xampp\mysql\bin;C:\Users\JohnArca\AppData\Local\Android\Sdk\tools;

Yarn version: 
  1.21.1

Node version: 
  13.7.0

Platform: 
  win32 x64

Trace: 
  Error: getaddrinfo ENOTFOUND registry.yarnpkg.com
      at GetAddrInfoReqWrap.onlookup [as oncomplete] (dns.js:64:26)

npm manifest: 
  {
    "main": "node_modules/expo/AppEntry.js",
    "scripts": {
      "start": "expo start",
      "android": "expo start --android",
      "ios": "expo start --ios",
      "web": "expo start --web",
      "eject": "expo eject",
      "test": "jest --watchAll"
    },
    "jest": {
      "preset": "jest-expo"
    },
    "dependencies": {
      "@expo/vector-icons": "~10.0.0",
      "@react-native-community/masked-view": "0.1.5",
      "@react-navigation/bottom-tabs": "^5.0.0",
      "@react-navigation/drawer": "^5.0.7",
      "@react-navigation/native": "^5.0.0",
      "@react-navigation/stack": "^5.0.0",
      "@react-navigation/web": "~1.0.0-alpha.9",
      "axios": "^0.19.2",
      "expo": "~36.0.0",
      "expo-asset": "~8.0.0",
      "expo-constants": "~8.0.0",
      "expo-font": "~8.0.0",
      "expo-web-browser": "~8.0.0",
      "react": "~16.9.0",
      "react-dom": "~16.9.0",
      "react-native": "https://github.com/expo/react-native/archive/sdk-36.0.0.tar.gz",
      "react-native-gesture-handler": "~1.5.0",
      "react-native-reanimated": "^1.7.0",
      "react-native-safe-area-context": "0.6.0",
      "react-native-screens": "2.0.0-alpha.12",
      "react-native-web": "~0.11.7"
    },
    "devDependencies": {
      "@babel/core": "^7.0.0",
      "babel-preset-expo": "~8.0.0",
      "jest-expo": "~36.0.1"
    },
    "private": true
  }

yarn manifest: 
  No manifest

Lockfile: 
  No lockfile
